<?xml version="1.0" encoding="UTF-8"?>
<!-- Generated by org.testng.reporters.JUnitReportReporter -->
<testsuite hostname="DESKTOP-197M06D" failures="0" tests="1" name="com.codewar.OrderOfBraces.NewTest" time="0.005" errors="0" timestamp="2022-03-13T19:03:52 EDT" skipped="0">
  <testcase classname="com.codewar.OrderOfBraces.NewTest" name="f" time="0.005"/>
  <system-out/>
</testsuite> <!-- com.codewar.OrderOfBraces.NewTest -->
